# JRE version: OpenJDK Runtime Environment (17.0.9) (build 17.0.9+0--11185874)
# Java VM: OpenJDK 64-Bit Server VM (17.0.9+0--11185874, mixed mode, tiered, compressed oops, compressed class ptrs, g1 gc, windows-amd64)
GC Precious Log:
 CPUs: 6 total, 6 available
 Memory: 7600M
 Large Page Support: Disabled
 NUMA Support: Disabled
 Compressed Oops: Enabled (32-bit)
 Heap Region Size: 1M
 Heap Min Capacity: 8M
 Heap Initial Capacity: 120M
 Heap Max Capacity: 2G
 Pre-touch: Disabled
 Parallel Workers: 6
 Concurrent Workers: 2
 Concurrent Refinement Workers: 6
 Periodic GC: Disabled
Heap:
 garbage-first heap   total 144384K, used 83060K [0x0000000080000000, 0x0000000100000000)
  region size 1024K, 5 young (5120K), 5 survivors (5120K)
 Metaspace       used 102483K, committed 103232K, reserved 1179648K
  class space    used 14053K, committed 14400K, reserved 1048576K
GC Heap History (20 events):
Event: 13.623 GC heap after
{Heap after GC invocations=21 (full 0):
 garbage-first heap   total 131072K, used 64847K [0x0000000080000000, 0x0000000100000000)
  region size 1024K, 4 young (4096K), 4 survivors (4096K)
 Metaspace       used 84209K, committed 84864K, reserved 1179648K
  class space    used 11333K, committed 11648K, reserved 1048576K
}
Event: 14.183 GC heap before
{Heap before GC invocations=22 (full 0):
 garbage-first heap   total 131072K, used 105807K [0x0000000080000000, 0x0000000100000000)
  region size 1024K, 43 young (44032K), 4 survivors (4096K)
 Metaspace       used 86853K, committed 87488K, reserved 1179648K
  class space    used 11880K, committed 12160K, reserved 1048576K
}
Event: 14.186 GC heap after
{Heap after GC invocations=23 (full 0):
 garbage-first heap   total 131072K, used 65570K [0x0000000080000000, 0x0000000100000000)
  region size 1024K, 4 young (4096K), 4 survivors (4096K)
 Metaspace       used 86853K, committed 87488K, reserved 1179648K
  class space    used 11880K, committed 12160K, reserved 1048576K
}
Event: 14.709 GC heap before
{Heap before GC invocations=23 (full 0):
 garbage-first heap   total 131072K, used 107554K [0x0000000080000000, 0x0000000100000000)
  region size 1024K, 45 young (46080K), 4 survivors (4096K)
 Metaspace       used 90048K, committed 90752K, reserved 1179648K
  class space    used 12378K, committed 12672K, reserved 1048576K
}
Event: 14.713 GC heap after
{Heap after GC invocations=24 (full 0):
 garbage-first heap   total 131072K, used 67500K [0x0000000080000000, 0x0000000100000000)
  region size 1024K, 4 young (4096K), 4 survivors (4096K)
 Metaspace       used 90048K, committed 90752K, reserved 1179648K
  class space    used 12378K, committed 12672K, reserved 1048576K
}
Event: 15.292 GC heap before
{Heap before GC invocations=25 (full 0):
 garbage-first heap   total 131072K, used 107436K [0x0000000080000000, 0x0000000100000000)
  region size 1024K, 43 young (44032K), 4 survivors (4096K)
 Metaspace       used 93236K, committed 93888K, reserved 1179648K
  class space    used 12848K, committed 13184K, reserved 1048576K
}
Event: 15.296 GC heap after
{Heap after GC invocations=26 (full 0):
 garbage-first heap   total 131072K, used 69768K [0x0000000080000000, 0x0000000100000000)
  region size 1024K, 6 young (6144K), 6 survivors (6144K)
 Metaspace       used 93236K, committed 93888K, reserved 1179648K
  class space    used 12848K, committed 13184K, reserved 1048576K
}
Event: 15.311 GC heap before
{Heap before GC invocations=26 (full 0):
 garbage-first heap   total 131072K, used 69768K [0x0000000080000000, 0x0000000100000000)
  region size 1024K, 7 young (7168K), 6 survivors (6144K)
 Metaspace       used 93301K, committed 94016K, reserved 1179648K
  class space    used 12854K, committed 13184K, reserved 1048576K
}
Event: 15.315 GC heap after
{Heap after GC invocations=27 (full 0):
 garbage-first heap   total 131072K, used 70453K [0x0000000080000000, 0x0000000100000000)
  region size 1024K, 1 young (1024K), 1 survivors (1024K)
 Metaspace       used 93301K, committed 94016K, reserved 1179648K
  class space    used 12854K, committed 13184K, reserved 1048576K
}
Event: 15.848 GC heap before
{Heap before GC invocations=27 (full 0):
 garbage-first heap   total 131072K, used 109365K [0x0000000080000000, 0x0000000100000000)
  region size 1024K, 39 young (39936K), 1 survivors (1024K)
 Metaspace       used 97007K, committed 97664K, reserved 1179648K
  class space    used 13385K, committed 13696K, reserved 1048576K
}
Event: 15.852 GC heap after
{Heap after GC invocations=28 (full 0):
 garbage-first heap   total 131072K, used 71639K [0x0000000080000000, 0x0000000100000000)
  region size 1024K, 3 young (3072K), 3 survivors (3072K)
 Metaspace       used 97007K, committed 97664K, reserved 1179648K
  class space    used 13385K, committed 13696K, reserved 1048576K
}
Event: 16.291 GC heap before
{Heap before GC invocations=29 (full 0):
 garbage-first heap   total 131072K, used 113623K [0x0000000080000000, 0x0000000100000000)
  region size 1024K, 40 young (40960K), 3 survivors (3072K)
 Metaspace       used 99913K, committed 100672K, reserved 1179648K
  class space    used 13646K, committed 14016K, reserved 1048576K
}
Event: 16.296 GC heap after
{Heap after GC invocations=30 (full 0):
 garbage-first heap   total 131072K, used 76155K [0x0000000080000000, 0x0000000100000000)
  region size 1024K, 5 young (5120K), 5 survivors (5120K)
 Metaspace       used 99913K, committed 100672K, reserved 1179648K
  class space    used 13646K, committed 14016K, reserved 1048576K
}
Event: 16.314 GC heap before
{Heap before GC invocations=30 (full 0):
 garbage-first heap   total 131072K, used 77179K [0x0000000080000000, 0x0000000100000000)
  region size 1024K, 6 young (6144K), 5 survivors (5120K)
 Metaspace       used 99999K, committed 100672K, reserved 1179648K
  class space    used 13661K, committed 14016K, reserved 1048576K
}
Event: 16.319 GC heap after
{Heap after GC invocations=31 (full 0):
 garbage-first heap   total 131072K, used 76379K [0x0000000080000000, 0x0000000100000000)
  region size 1024K, 1 young (1024K), 1 survivors (1024K)
 Metaspace       used 99999K, committed 100672K, reserved 1179648K
  class space    used 13661K, committed 14016K, reserved 1048576K
}
Event: 16.750 GC heap before
{Heap before GC invocations=31 (full 0):
 garbage-first heap   total 131072K, used 108123K [0x0000000080000000, 0x0000000100000000)
  region size 1024K, 33 young (33792K), 1 survivors (1024K)
 Metaspace       used 101812K, committed 102528K, reserved 1179648K
  class space    used 14005K, committed 14336K, reserved 1048576K
}
Event: 16.755 GC heap after
{Heap after GC invocations=32 (full 0):
 garbage-first heap   total 131072K, used 78671K [0x0000000080000000, 0x0000000100000000)
  region size 1024K, 4 young (4096K), 4 survivors (4096K)
 Metaspace       used 101812K, committed 102528K, reserved 1179648K
  class space    used 14005K, committed 14336K, reserved 1048576K
}
Event: 17.194 GC heap before
{Heap before GC invocations=33 (full 0):
 garbage-first heap   total 135168K, used 106319K [0x0000000080000000, 0x0000000100000000)
  region size 1024K, 32 young (32768K), 4 survivors (4096K)
 Metaspace       used 102072K, committed 102784K, reserved 1179648K
  class space    used 14015K, committed 14336K, reserved 1048576K
}
Event: 17.198 GC heap after
{Heap after GC invocations=34 (full 0):
 garbage-first heap   total 135168K, used 80982K [0x0000000080000000, 0x0000000100000000)
  region size 1024K, 3 young (3072K), 3 survivors (3072K)
 Metaspace       used 102072K, committed 102784K, reserved 1179648K
  class space    used 14015K, committed 14336K, reserved 1048576K
}
Event: 17.580 GC heap before
{Heap before GC invocations=34 (full 0):
 garbage-first heap   total 135168K, used 110678K [0x0000000080000000, 0x0000000100000000)
  region size 1024K, 33 young (33792K), 3 survivors (3072K)
 Metaspace       used 102483K, committed 103232K, reserved 1179648K
  class space    used 14053K, committed 14400K, reserved 1048576K
}

